# JRE version: OpenJDK Runtime Environment (8.0_212-b04) (build 1.8.0_212-release-1586-b04)
# Java VM: OpenJDK 64-Bit Server VM (25.212-b04 mixed mode windows-amd64 compressed oops)
Heap:
 PSYoungGen      total 254976K, used 146696K [0x00000000e0000000, 0x00000000f5000000, 0x0000000100000000)
  eden space 235520K, 54% used [0x00000000e0000000,0x00000000e7c487a0,0x00000000ee600000)
  from space 19456K, 99% used [0x00000000ee600000,0x00000000ef8f99e0,0x00000000ef900000)
  to   space 23040K, 0% used [0x00000000f3980000,0x00000000f3980000,0x00000000f5000000)
 ParOldGen       total 86016K, used 39656K [0x00000000a0000000, 0x00000000a5400000, 0x00000000e0000000)
  object space 86016K, 46% used [0x00000000a0000000,0x00000000a26ba3d0,0x00000000a5400000)
 Metaspace       used 71270K, capacity 73880K, committed 73984K, reserved 1114112K
  class space    used 9645K, capacity 10199K, committed 10240K, reserved 1048576K
GC Heap History (10 events):
Event: 13.923 GC heap before
{Heap before GC invocations=12 (full 2):
 PSYoungGen      total 189440K, used 8080K [0x00000000e0000000, 0x00000000ec880000, 0x0000000100000000)
  eden space 179712K, 0% used [0x00000000e0000000,0x00000000e0000000,0x00000000eaf80000)
  from space 9728K, 83% used [0x00000000ebf00000,0x00000000ec6e4300,0x00000000ec880000)
  to   space 12800K, 0% used [0x00000000eaf80000,0x00000000eaf80000,0x00000000ebc00000)
 ParOldGen       total 32768K, used 12322K [0x00000000a0000000, 0x00000000a2000000, 0x00000000e0000000)
  object space 32768K, 37% used [0x00000000a0000000,0x00000000a0c08990,0x00000000a2000000)
 Metaspace       used 34566K, capacity 35368K, committed 35496K, reserved 1079296K
  class space    used 4579K, capacity 4813K, committed 4864K, reserved 1048576K
Event: 13.984 GC heap after
Heap after GC invocations=12 (full 2):
 PSYoungGen      total 189440K, used 0K [0x00000000e0000000, 0x00000000ec880000, 0x0000000100000000)
  eden space 179712K, 0% used [0x00000000e0000000,0x00000000e0000000,0x00000000eaf80000)
  from space 9728K, 0% used [0x00000000ebf00000,0x00000000ebf00000,0x00000000ec880000)
  to   space 12800K, 0% used [0x00000000eaf80000,0x00000000eaf80000,0x00000000ebc00000)
 ParOldGen       total 50176K, used 15375K [0x00000000a0000000, 0x00000000a3100000, 0x00000000e0000000)
  object space 50176K, 30% used [0x00000000a0000000,0x00000000a0f03da0,0x00000000a3100000)
 Metaspace       used 34520K, capacity 35264K, committed 35496K, reserved 1079296K
  class space    used 4568K, capacity 4801K, committed 4864K, reserved 1048576K
}
Event: 24.314 GC heap before
{Heap before GC invocations=13 (full 2):
 PSYoungGen      total 189440K, used 179424K [0x00000000e0000000, 0x00000000ec880000, 0x0000000100000000)
  eden space 179712K, 99% used [0x00000000e0000000,0x00000000eaf38038,0x00000000eaf80000)
  from space 9728K, 0% used [0x00000000ebf00000,0x00000000ebf00000,0x00000000ec880000)
  to   space 12800K, 0% used [0x00000000eaf80000,0x00000000eaf80000,0x00000000ebc00000)
 ParOldGen       total 50176K, used 15375K [0x00000000a0000000, 0x00000000a3100000, 0x00000000e0000000)
  object space 50176K, 30% used [0x00000000a0000000,0x00000000a0f03da0,0x00000000a3100000)
 Metaspace       used 47506K, capacity 48852K, committed 49152K, reserved 1091584K
  class space    used 6294K, capacity 6621K, committed 6656K, reserved 1048576K
Event: 24.355 GC heap after
Heap after GC invocations=13 (full 2):
 PSYoungGen      total 192512K, used 12782K [0x00000000e0000000, 0x00000000f0980000, 0x0000000100000000)
  eden space 179712K, 0% used [0x00000000e0000000,0x00000000e0000000,0x00000000eaf80000)
  from space 12800K, 99% used [0x00000000eaf80000,0x00000000ebbfb800,0x00000000ebc00000)
  to   space 16896K, 0% used [0x00000000ef900000,0x00000000ef900000,0x00000000f0980000)
 ParOldGen       total 50176K, used 21939K [0x00000000a0000000, 0x00000000a3100000, 0x00000000e0000000)
  object space 50176K, 43% used [0x00000000a0000000,0x00000000a156ccb0,0x00000000a3100000)
 Metaspace       used 47506K, capacity 48852K, committed 49152K, reserved 1091584K
  class space    used 6294K, capacity 6621K, committed 6656K, reserved 1048576K
}
Event: 27.778 GC heap before
{Heap before GC invocations=14 (full 2):
 PSYoungGen      total 192512K, used 167051K [0x00000000e0000000, 0x00000000f0980000, 0x0000000100000000)
  eden space 179712K, 85% used [0x00000000e0000000,0x00000000e96a7768,0x00000000eaf80000)
  from space 12800K, 99% used [0x00000000eaf80000,0x00000000ebbfb800,0x00000000ebc00000)
  to   space 16896K, 0% used [0x00000000ef900000,0x00000000ef900000,0x00000000f0980000)
 ParOldGen       total 50176K, used 21939K [0x00000000a0000000, 0x00000000a3100000, 0x00000000e0000000)
  object space 50176K, 43% used [0x00000000a0000000,0x00000000a156ccb0,0x00000000a3100000)
 Metaspace       used 57192K, capacity 59052K, committed 59136K, reserved 1099776K
  class space    used 7717K, capacity 8158K, committed 8192K, reserved 1048576K
Event: 27.836 GC heap after
Heap after GC invocations=14 (full 2):
 PSYoungGen      total 252416K, used 16009K [0x00000000e0000000, 0x00000000f1100000, 0x0000000100000000)
  eden space 235520K, 0% used [0x00000000e0000000,0x00000000e0000000,0x00000000ee600000)
  from space 16896K, 94% used [0x00000000ef900000,0x00000000f08a2770,0x00000000f0980000)
  to   space 19456K, 0% used [0x00000000ee600000,0x00000000ee600000,0x00000000ef900000)
 ParOldGen       total 50176K, used 31153K [0x00000000a0000000, 0x00000000a3100000, 0x00000000e0000000)
  object space 50176K, 62% used [0x00000000a0000000,0x00000000a1e6c568,0x00000000a3100000)
 Metaspace       used 57192K, capacity 59052K, committed 59136K, reserved 1099776K
  class space    used 7717K, capacity 8158K, committed 8192K, reserved 1048576K
}
Event: 27.836 GC heap before
{Heap before GC invocations=15 (full 3):
 PSYoungGen      total 252416K, used 16009K [0x00000000e0000000, 0x00000000f1100000, 0x0000000100000000)
  eden space 235520K, 0% used [0x00000000e0000000,0x00000000e0000000,0x00000000ee600000)
  from space 16896K, 94% used [0x00000000ef900000,0x00000000f08a2770,0x00000000f0980000)
  to   space 19456K, 0% used [0x00000000ee600000,0x00000000ee600000,0x00000000ef900000)
 ParOldGen       total 50176K, used 31153K [0x00000000a0000000, 0x00000000a3100000, 0x00000000e0000000)
  object space 50176K, 62% used [0x00000000a0000000,0x00000000a1e6c568,0x00000000a3100000)
 Metaspace       used 57192K, capacity 59052K, committed 59136K, reserved 1099776K
  class space    used 7717K, capacity 8158K, committed 8192K, reserved 1048576K
Event: 28.123 GC heap after
Heap after GC invocations=15 (full 3):
 PSYoungGen      total 252416K, used 0K [0x00000000e0000000, 0x00000000f1100000, 0x0000000100000000)
  eden space 235520K, 0% used [0x00000000e0000000,0x00000000e0000000,0x00000000ee600000)
  from space 16896K, 0% used [0x00000000ef900000,0x00000000ef900000,0x00000000f0980000)
  to   space 19456K, 0% used [0x00000000ee600000,0x00000000ee600000,0x00000000ef900000)
 ParOldGen       total 86016K, used 38212K [0x00000000a0000000, 0x00000000a5400000, 0x00000000e0000000)
  object space 86016K, 44% used [0x00000000a0000000,0x00000000a25511b0,0x00000000a5400000)
 Metaspace       used 57160K, capacity 58946K, committed 59136K, reserved 1099776K
  class space    used 7709K, capacity 8147K, committed 8192K, reserved 1048576K
}
Event: 39.014 GC heap before
{Heap before GC invocations=16 (full 3):
 PSYoungGen      total 252416K, used 235520K [0x00000000e0000000, 0x00000000f1100000, 0x0000000100000000)
  eden space 235520K, 100% used [0x00000000e0000000,0x00000000ee600000,0x00000000ee600000)
  from space 16896K, 0% used [0x00000000ef900000,0x00000000ef900000,0x00000000f0980000)
  to   space 19456K, 0% used [0x00000000ee600000,0x00000000ee600000,0x00000000ef900000)
 ParOldGen       total 86016K, used 38212K [0x00000000a0000000, 0x00000000a5400000, 0x00000000e0000000)
  object space 86016K, 44% used [0x00000000a0000000,0x00000000a25511b0,0x00000000a5400000)
 Metaspace       used 66896K, capacity 69486K, committed 69760K, reserved 1110016K
  class space    used 9164K, capacity 9735K, committed 9856K, reserved 1048576K
Event: 39.046 GC heap after
Heap after GC invocations=16 (full 3):
 PSYoungGen      total 254976K, used 19430K [0x00000000e0000000, 0x00000000f5000000, 0x0000000100000000)
  eden space 235520K, 0% used [0x00000000e0000000,0x00000000e0000000,0x00000000ee600000)
  from space 19456K, 99% used [0x00000000ee600000,0x00000000ef8f99e0,0x00000000ef900000)
  to   space 23040K, 0% used [0x00000000f3980000,0x00000000f3980000,0x00000000f5000000)
 ParOldGen       total 86016K, used 39656K [0x00000000a0000000, 0x00000000a5400000, 0x00000000e0000000)
  object space 86016K, 46% used [0x00000000a0000000,0x00000000a26ba3d0,0x00000000a5400000)
 Metaspace       used 66896K, capacity 69486K, committed 69760K, reserved 1110016K
  class space    used 9164K, capacity 9735K, committed 9856K, reserved 1048576K
}

